Determining if the pthread_create exist failed with the following output:
Change Dir: /home/wxf/Workspace/ROS-TUTORIAL/intellibot_ws/build/CMakeFiles/CMakeTmp

Run Build Command:/usr/bin/make "cmTryCompileExec3539742109/fast"
/usr/bin/make -f CMakeFiles/cmTryCompileExec3539742109.dir/build.make CMakeFiles/cmTryCompileExec3539742109.dir/build
make[1]: Entering directory `/home/wxf/Workspace/ROS-TUTORIAL/intellibot_ws/build/CMakeFiles/CMakeTmp'
/usr/bin/cmake -E cmake_progress_report /home/wxf/Workspace/ROS-TUTORIAL/intellibot_ws/build/CMakeFiles/CMakeTmp/CMakeFiles 1
Building C object CMakeFiles/cmTryCompileExec3539742109.dir/CheckSymbolExists.c.o
/usr/bin/cc    -o CMakeFiles/cmTryCompileExec3539742109.dir/CheckSymbolExists.c.o   -c /home/wxf/Workspace/ROS-TUTORIAL/intellibot_ws/build/CMakeFiles/CMakeTmp/CheckSymbolExists.c
Linking C executable cmTryCompileExec3539742109
/usr/bin/cmake -E cmake_link_script CMakeFiles/cmTryCompileExec3539742109.dir/link.txt --verbose=1
/usr/bin/cc       CMakeFiles/cmTryCompileExec3539742109.dir/CheckSymbolExists.c.o  -o cmTryCompileExec3539742109 -rdynamic 
CMakeFiles/cmTryCompileExec3539742109.dir/CheckSymbolExists.c.o: In function `main':
CheckSymbolExists.c:(.text+0x16): undefined reference to `pthread_create'
collect2: error: ld returned 1 exit status
make[1]: Leaving directory `/home/wxf/Workspace/ROS-TUTORIAL/intellibot_ws/build/CMakeFiles/CMakeTmp'
make[1]: *** [cmTryCompileExec3539742109] Error 1
make: *** [cmTryCompileExec3539742109/fast] Error 2

File /home/wxf/Workspace/ROS-TUTORIAL/intellibot_ws/build/CMakeFiles/CMakeTmp/CheckSymbolExists.c:
/* */
#include <pthread.h>

int main(int argc, char** argv)
{
  (void)argv;
#ifndef pthread_create
  return ((int*)(&pthread_create))[argc];
#else
  (void)argc;
  return 0;
#endif
}

Determining if the function pthread_create exists in the pthreads failed with the following output:
Change Dir: /home/wxf/Workspace/ROS-TUTORIAL/intellibot_ws/build/CMakeFiles/CMakeTmp

Run Build Command:/usr/bin/make "cmTryCompileExec3324508174/fast"
/usr/bin/make -f CMakeFiles/cmTryCompileExec3324508174.dir/build.make CMakeFiles/cmTryCompileExec3324508174.dir/build
make[1]: Entering directory `/home/wxf/Workspace/ROS-TUTORIAL/intellibot_ws/build/CMakeFiles/CMakeTmp'
/usr/bin/cmake -E cmake_progress_report /home/wxf/Workspace/ROS-TUTORIAL/intellibot_ws/build/CMakeFiles/CMakeTmp/CMakeFiles 1
Building C object CMakeFiles/cmTryCompileExec3324508174.dir/CheckFunctionExists.c.o
/usr/bin/cc   -DCHECK_FUNCTION_EXISTS=pthread_create   -o CMakeFiles/cmTryCompileExec3324508174.dir/CheckFunctionExists.c.o   -c /usr/share/cmake-2.8/Modules/CheckFunctionExists.c
Linking C executable cmTryCompileExec3324508174
/usr/bin/cmake -E cmake_link_script CMakeFiles/cmTryCompileExec3324508174.dir/link.txt --verbose=1
/usr/bin/cc   -DCHECK_FUNCTION_EXISTS=pthread_create    CMakeFiles/cmTryCompileExec3324508174.dir/CheckFunctionExists.c.o  -o cmTryCompileExec3324508174 -rdynamic -lpthreads 
/usr/bin/ld: cannot find -lpthreads
collect2: error: ld returned 1 exit status
make[1]: Leaving directory `/home/wxf/Workspace/ROS-TUTORIAL/intellibot_ws/build/CMakeFiles/CMakeTmp'
make[1]: *** [cmTryCompileExec3324508174] Error 1
make: *** [cmTryCompileExec3324508174/fast] Error 2


